#-----------------------------------------------------------
# Vivado v2024.2 (64-bit)
# SW Build 5239630 on Fri Nov 08 22:35:27 MST 2024
# IP Build 5239520 on Sun Nov 10 16:12:51 MST 2024
# SharedData Build 5239561 on Fri Nov 08 14:39:27 MST 2024
# Start of session at: Sat Jan 31 20:29:37 2026
# Process ID         : 25608
# Current directory  : C:/Users/C27Bruno.Graziano/ece383_wksp/lab1
# Command line       : vivado.exe -gui_launcher_event rodinguilauncherevent29100 C:\Users\C27Bruno.Graziano\ece383_wksp\lab1\lab1.xpr
# Log file           : C:/Users/C27Bruno.Graziano/ece383_wksp/lab1/vivado.log
# Journal file       : C:/Users/C27Bruno.Graziano/ece383_wksp/lab1\vivado.jou
# Running On         : C27-5CG31326ZG
# Platform           : Windows Server 2016 or Windows 10
# Operating System   : 22631
# Processor Detail   : AMD Ryzen 7 PRO 6850U with Radeon Graphics     
# CPU Frequency      : 2695 MHz
# CPU Physical cores : 8
# CPU Logical cores  : 16
# Host memory        : 16442 MB
# Swap memory        : 13958 MB
# Total Virtual      : 30401 MB
# Available Virtual  : 6173 MB
#-----------------------------------------------------------
start_gui
open_project C:/Users/C27Bruno.Graziano/ece383_wksp/lab1/lab1.xpr
INFO: [filemgmt 56-3] Default IP Output Path : Could not find the directory 'C:/Users/C27Bruno.Graziano/ece383_wksp/lab1/lab1.gen/sources_1'.
Scanning sources...
Finished scanning sources
INFO: [IP_Flow 19-234] Refreshing IP repositories
INFO: [IP_Flow 19-1704] No user IP repositories specified
INFO: [IP_Flow 19-2313] Loaded Vivado IP repository 'C:/Xilinx/Vivado/2024.2/data/ip'.
open_project: Time (s): cpu = 00:00:03 ; elapsed = 00:00:07 . Memory (MB): peak = 1097.445 ; gain = 43.328
exit
INFO: [Common 17-206] Exiting Vivado at Sat Jan 31 20:30:14 2026...
INFO: [filemgmt 56-326] User Interrupt. Could not getCurrentGraph()
INFO: [filemgmt 56-326] User Interrupt. Could not getCurrentGraph()
