
*** Running vivado
    with args -log lab1.vds -m64 -product Vivado -mode batch -messageDb vivado.pb -notrace -source lab1.tcl



****** Vivado v2024.2 (64-bit)
  **** SW Build 5239630 on Fri Nov 08 22:35:27 MST 2024
  **** IP Build 5239520 on Sun Nov 10 16:12:51 MST 2024
  **** SharedData Build 5239561 on Fri Nov 08 14:39:27 MST 2024
  **** Start of session at: Sun Feb  1 16:16:37 2026
    ** Copyright 1986-2022 Xilinx, Inc. All Rights Reserved.
    ** Copyright 2022-2024 Advanced Micro Devices, Inc. All Rights Reserved.

source lab1.tcl -notrace
Command: read_checkpoint -auto_incremental -incremental C:/Users/C27Bruno.Graziano/ece383_wksp/lab1/lab1.srcs/utils_1/imports/synth_1/lab1.dcp
INFO: [Vivado 12-5825] Read reference checkpoint from C:/Users/C27Bruno.Graziano/ece383_wksp/lab1/lab1.srcs/utils_1/imports/synth_1/lab1.dcp for incremental synthesis
INFO: [Vivado 12-7989] Please ensure there are no constraint changes
Command: synth_design -top lab1 -part xc7a200tsbg484-1
Starting synth_design
Attempting to get a license for feature 'Synthesis' and/or device 'xc7a200t'
INFO: [Common 17-349] Got license for feature 'Synthesis' and/or device 'xc7a200t'
INFO: [Device 21-403] Loading part xc7a200tsbg484-1
INFO: [Designutils 20-5440] No compile time benefit to using incremental synthesis; A full resynthesis will be run
INFO: [Designutils 20-4379] Flow is switching to default flow due to incremental criteria not met. If you would like to alter this behaviour and have the flow terminate instead, please set the following parameter config_implementation {autoIncr.Synth.RejectBehavior Terminate}
INFO: [Synth 8-7079] Multithreading enabled for synth_design using a maximum of 2 processes.
INFO: [Synth 8-7078] Launching helper process for spawning children vivado processes
INFO: [Synth 8-7075] Helper process launched with PID 28056
---------------------------------------------------------------------------------
Starting RTL Elaboration : Time (s): cpu = 00:00:04 ; elapsed = 00:00:06 . Memory (MB): peak = 1014.562 ; gain = 469.379
---------------------------------------------------------------------------------
INFO: [Synth 8-638] synthesizing module 'lab1' [C:/Users/C27Bruno.Graziano/ece383_wksp/lab1/lab1.srcs/sources_1/imports/lab1/lab1.vhdl:22]
	Parameter num_bits bound to: 11 - type: integer 
	Parameter max_value bound to: 420 - type: integer 
	Parameter min_value bound to: 20 - type: integer 
	Parameter delta bound to: 10 - type: integer 
	Parameter init_val bound to: 220 - type: integer 
INFO: [Synth 8-3491] module 'numeric_stepper' declared at 'C:/Users/C27Bruno.Graziano/ece383_wksp/lab1/lab1.srcs/sources_1/imports/lab1/numeric_stepper.vhd:8' bound to instance 'stepper_volt' of component 'numeric_stepper' [C:/Users/C27Bruno.Graziano/ece383_wksp/lab1/lab1.srcs/sources_1/imports/lab1/lab1.vhdl:59]
INFO: [Synth 8-638] synthesizing module 'numeric_stepper' [C:/Users/C27Bruno.Graziano/ece383_wksp/lab1/lab1.srcs/sources_1/imports/lab1/numeric_stepper.vhd:26]
	Parameter num_bits bound to: 11 - type: integer 
	Parameter max_value bound to: 420 - type: integer 
	Parameter min_value bound to: 20 - type: integer 
	Parameter delta bound to: 10 - type: integer 
	Parameter init_val bound to: 220 - type: integer 
WARNING: [Synth 8-614] signal 'is_increment' is read in the process but is not in the sensitivity list [C:/Users/C27Bruno.Graziano/ece383_wksp/lab1/lab1.srcs/sources_1/imports/lab1/numeric_stepper.vhd:37]
WARNING: [Synth 8-614] signal 'process_q' is read in the process but is not in the sensitivity list [C:/Users/C27Bruno.Graziano/ece383_wksp/lab1/lab1.srcs/sources_1/imports/lab1/numeric_stepper.vhd:37]
WARNING: [Synth 8-614] signal 'is_decrement' is read in the process but is not in the sensitivity list [C:/Users/C27Bruno.Graziano/ece383_wksp/lab1/lab1.srcs/sources_1/imports/lab1/numeric_stepper.vhd:37]
WARNING: [Synth 8-614] signal 'up' is read in the process but is not in the sensitivity list [C:/Users/C27Bruno.Graziano/ece383_wksp/lab1/lab1.srcs/sources_1/imports/lab1/numeric_stepper.vhd:37]
WARNING: [Synth 8-614] signal 'down' is read in the process but is not in the sensitivity list [C:/Users/C27Bruno.Graziano/ece383_wksp/lab1/lab1.srcs/sources_1/imports/lab1/numeric_stepper.vhd:37]
INFO: [Synth 8-256] done synthesizing module 'numeric_stepper' (0#1) [C:/Users/C27Bruno.Graziano/ece383_wksp/lab1/lab1.srcs/sources_1/imports/lab1/numeric_stepper.vhd:26]
	Parameter num_bits bound to: 11 - type: integer 
	Parameter max_value bound to: 620 - type: integer 
	Parameter min_value bound to: 20 - type: integer 
	Parameter delta bound to: 15 - type: integer 
	Parameter init_val bound to: 320 - type: integer 
INFO: [Synth 8-3491] module 'numeric_stepper' declared at 'C:/Users/C27Bruno.Graziano/ece383_wksp/lab1/lab1.srcs/sources_1/imports/lab1/numeric_stepper.vhd:8' bound to instance 'stepper_time' of component 'numeric_stepper' [C:/Users/C27Bruno.Graziano/ece383_wksp/lab1/lab1.srcs/sources_1/imports/lab1/lab1.vhdl:77]
INFO: [Synth 8-638] synthesizing module 'numeric_stepper__parameterized1' [C:/Users/C27Bruno.Graziano/ece383_wksp/lab1/lab1.srcs/sources_1/imports/lab1/numeric_stepper.vhd:26]
	Parameter num_bits bound to: 11 - type: integer 
	Parameter max_value bound to: 620 - type: integer 
	Parameter min_value bound to: 20 - type: integer 
	Parameter delta bound to: 15 - type: integer 
	Parameter init_val bound to: 320 - type: integer 
WARNING: [Synth 8-614] signal 'is_increment' is read in the process but is not in the sensitivity list [C:/Users/C27Bruno.Graziano/ece383_wksp/lab1/lab1.srcs/sources_1/imports/lab1/numeric_stepper.vhd:37]
WARNING: [Synth 8-614] signal 'process_q' is read in the process but is not in the sensitivity list [C:/Users/C27Bruno.Graziano/ece383_wksp/lab1/lab1.srcs/sources_1/imports/lab1/numeric_stepper.vhd:37]
WARNING: [Synth 8-614] signal 'is_decrement' is read in the process but is not in the sensitivity list [C:/Users/C27Bruno.Graziano/ece383_wksp/lab1/lab1.srcs/sources_1/imports/lab1/numeric_stepper.vhd:37]
WARNING: [Synth 8-614] signal 'up' is read in the process but is not in the sensitivity list [C:/Users/C27Bruno.Graziano/ece383_wksp/lab1/lab1.srcs/sources_1/imports/lab1/numeric_stepper.vhd:37]
WARNING: [Synth 8-614] signal 'down' is read in the process but is not in the sensitivity list [C:/Users/C27Bruno.Graziano/ece383_wksp/lab1/lab1.srcs/sources_1/imports/lab1/numeric_stepper.vhd:37]
INFO: [Synth 8-256] done synthesizing module 'numeric_stepper__parameterized1' (0#1) [C:/Users/C27Bruno.Graziano/ece383_wksp/lab1/lab1.srcs/sources_1/imports/lab1/numeric_stepper.vhd:26]
INFO: [Synth 8-3491] module 'video' declared at 'C:/Users/C27Bruno.Graziano/ece383_wksp/lab1/lab1.srcs/sources_1/imports/lab1/video.vhdl:11' bound to instance 'video_inst' of component 'video' [C:/Users/C27Bruno.Graziano/ece383_wksp/lab1/lab1.srcs/sources_1/imports/lab1/lab1.vhdl:97]
INFO: [Synth 8-638] synthesizing module 'video' [C:/Users/C27Bruno.Graziano/ece383_wksp/lab1/lab1.srcs/sources_1/imports/lab1/video.vhdl:22]
INFO: [Synth 8-3491] module 'clk_wiz_0' declared at 'C:/Users/C27Bruno.Graziano/ece383_wksp/lab1/lab1.runs/synth_1/.Xil/Vivado-21632-C27-5CG31326ZG/realtime/clk_wiz_0_stub.vhdl:6' bound to instance 'mmcm_adv_inst_display_clocks' of component 'clk_wiz_0' [C:/Users/C27Bruno.Graziano/ece383_wksp/lab1/lab1.srcs/sources_1/imports/lab1/video.vhdl:51]
INFO: [Synth 8-638] synthesizing module 'clk_wiz_0' [C:/Users/C27Bruno.Graziano/ece383_wksp/lab1/lab1.runs/synth_1/.Xil/Vivado-21632-C27-5CG31326ZG/realtime/clk_wiz_0_stub.vhdl:19]
INFO: [Synth 8-3491] module 'vga' declared at 'C:/Users/C27Bruno.Graziano/ece383_wksp/lab1/vga.vhd:11' bound to instance 'Inst_vga' of component 'vga' [C:/Users/C27Bruno.Graziano/ece383_wksp/lab1/lab1.srcs/sources_1/imports/lab1/video.vhdl:62]
INFO: [Synth 8-638] synthesizing module 'vga' [C:/Users/C27Bruno.Graziano/ece383_wksp/lab1/vga.vhd:21]
INFO: [Synth 8-3491] module 'vga_signal_generator' declared at 'C:/Users/C27Bruno.Graziano/ece383_wksp/lab1/vga_signal_generator.vhd:8' bound to instance 'vga_sig_gen' of component 'vga_signal_generator' [C:/Users/C27Bruno.Graziano/ece383_wksp/lab1/vga.vhd:28]
INFO: [Synth 8-638] synthesizing module 'vga_signal_generator' [C:/Users/C27Bruno.Graziano/ece383_wksp/lab1/vga_signal_generator.vhd:15]
	Parameter num_bits bound to: 11 - type: integer 
	Parameter max_value bound to: 799 - type: integer 
INFO: [Synth 8-3491] module 'counter' declared at 'C:/Users/C27Bruno.Graziano/ece383_wksp/lab1/lab1.srcs/sources_1/imports/new/counter.vhd:34' bound to instance 'h_counter' of component 'counter' [C:/Users/C27Bruno.Graziano/ece383_wksp/lab1/vga_signal_generator.vhd:40]
INFO: [Synth 8-638] synthesizing module 'counter' [C:/Users/C27Bruno.Graziano/ece383_wksp/lab1/lab1.srcs/sources_1/imports/new/counter.vhd:44]
	Parameter num_bits bound to: 11 - type: integer 
	Parameter max_value bound to: 799 - type: integer 
INFO: [Synth 8-256] done synthesizing module 'counter' (0#1) [C:/Users/C27Bruno.Graziano/ece383_wksp/lab1/lab1.srcs/sources_1/imports/new/counter.vhd:44]
	Parameter num_bits bound to: 11 - type: integer 
	Parameter max_value bound to: 524 - type: integer 
INFO: [Synth 8-3491] module 'counter' declared at 'C:/Users/C27Bruno.Graziano/ece383_wksp/lab1/lab1.srcs/sources_1/imports/new/counter.vhd:34' bound to instance 'v_counter' of component 'counter' [C:/Users/C27Bruno.Graziano/ece383_wksp/lab1/vga_signal_generator.vhd:57]
INFO: [Synth 8-638] synthesizing module 'counter__parameterized1' [C:/Users/C27Bruno.Graziano/ece383_wksp/lab1/lab1.srcs/sources_1/imports/new/counter.vhd:44]
	Parameter num_bits bound to: 11 - type: integer 
	Parameter max_value bound to: 524 - type: integer 
INFO: [Synth 8-256] done synthesizing module 'counter__parameterized1' (0#1) [C:/Users/C27Bruno.Graziano/ece383_wksp/lab1/lab1.srcs/sources_1/imports/new/counter.vhd:44]
INFO: [Synth 8-256] done synthesizing module 'vga_signal_generator' (0#1) [C:/Users/C27Bruno.Graziano/ece383_wksp/lab1/vga_signal_generator.vhd:15]
INFO: [Synth 8-3491] module 'color_mapper' declared at 'C:/Users/C27Bruno.Graziano/ece383_wksp/lab1/lab1.srcs/sources_1/imports/lab1/color_mapper.vhd:15' bound to instance 'colormap' of component 'color_mapper' [C:/Users/C27Bruno.Graziano/ece383_wksp/lab1/vga.vhd:36]
INFO: [Synth 8-638] synthesizing module 'color_mapper' [C:/Users/C27Bruno.Graziano/ece383_wksp/lab1/lab1.srcs/sources_1/imports/lab1/color_mapper.vhd:23]
INFO: [Synth 8-256] done synthesizing module 'color_mapper' (0#1) [C:/Users/C27Bruno.Graziano/ece383_wksp/lab1/lab1.srcs/sources_1/imports/lab1/color_mapper.vhd:23]
INFO: [Synth 8-256] done synthesizing module 'vga' (0#1) [C:/Users/C27Bruno.Graziano/ece383_wksp/lab1/vga.vhd:21]
INFO: [Synth 8-638] synthesizing module 'dvid' [C:/Users/C27Bruno.Graziano/ece383_wksp/lab1/lab1.srcs/sources_1/imports/lab1/dvid.vhdl:31]
INFO: [Synth 8-3491] module 'TDMS_encoder' declared at 'C:/Users/C27Bruno.Graziano/ece383_wksp/lab1/lab1.srcs/sources_1/imports/lab1/tdms.vhdl:14' bound to instance 'TDMS_encoder_red' of component 'TDMS_encoder' [C:/Users/C27Bruno.Graziano/ece383_wksp/lab1/lab1.srcs/sources_1/imports/lab1/dvid.vhdl:56]
INFO: [Synth 8-638] synthesizing module 'TDMS_encoder' [C:/Users/C27Bruno.Graziano/ece383_wksp/lab1/lab1.srcs/sources_1/imports/lab1/tdms.vhdl:22]
INFO: [Synth 8-256] done synthesizing module 'TDMS_encoder' (0#1) [C:/Users/C27Bruno.Graziano/ece383_wksp/lab1/lab1.srcs/sources_1/imports/lab1/tdms.vhdl:22]
INFO: [Synth 8-3491] module 'TDMS_encoder' declared at 'C:/Users/C27Bruno.Graziano/ece383_wksp/lab1/lab1.srcs/sources_1/imports/lab1/tdms.vhdl:14' bound to instance 'TDMS_encoder_green' of component 'TDMS_encoder' [C:/Users/C27Bruno.Graziano/ece383_wksp/lab1/lab1.srcs/sources_1/imports/lab1/dvid.vhdl:57]
INFO: [Synth 8-3491] module 'TDMS_encoder' declared at 'C:/Users/C27Bruno.Graziano/ece383_wksp/lab1/lab1.srcs/sources_1/imports/lab1/tdms.vhdl:14' bound to instance 'TDMS_encoder_blue' of component 'TDMS_encoder' [C:/Users/C27Bruno.Graziano/ece383_wksp/lab1/lab1.srcs/sources_1/imports/lab1/dvid.vhdl:58]
	Parameter DDR_ALIGNMENT bound to: C0 - type: string 
	Parameter INIT bound to: 1'b0 
	Parameter SRTYPE bound to: ASYNC - type: string 
INFO: [Synth 8-113] binding component instance 'ODDR2_red' to cell 'ODDR2' [C:/Users/C27Bruno.Graziano/ece383_wksp/lab1/lab1.srcs/sources_1/imports/lab1/dvid.vhdl:60]
	Parameter DDR_ALIGNMENT bound to: C0 - type: string 
	Parameter INIT bound to: 1'b0 
	Parameter SRTYPE bound to: ASYNC - type: string 
INFO: [Synth 8-113] binding component instance 'ODDR2_green' to cell 'ODDR2' [C:/Users/C27Bruno.Graziano/ece383_wksp/lab1/lab1.srcs/sources_1/imports/lab1/dvid.vhdl:63]
	Parameter DDR_ALIGNMENT bound to: C0 - type: string 
	Parameter INIT bound to: 1'b0 
	Parameter SRTYPE bound to: ASYNC - type: string 
INFO: [Synth 8-113] binding component instance 'ODDR2_blue' to cell 'ODDR2' [C:/Users/C27Bruno.Graziano/ece383_wksp/lab1/lab1.srcs/sources_1/imports/lab1/dvid.vhdl:66]
	Parameter DDR_ALIGNMENT bound to: C0 - type: string 
	Parameter INIT bound to: 1'b0 
	Parameter SRTYPE bound to: ASYNC - type: string 
INFO: [Synth 8-113] binding component instance 'ODDR2_clock' to cell 'ODDR2' [C:/Users/C27Bruno.Graziano/ece383_wksp/lab1/lab1.srcs/sources_1/imports/lab1/dvid.vhdl:69]
INFO: [Synth 8-256] done synthesizing module 'dvid' (0#1) [C:/Users/C27Bruno.Graziano/ece383_wksp/lab1/lab1.srcs/sources_1/imports/lab1/dvid.vhdl:31]
INFO: [Synth 8-113] binding component instance 'OBUFDS_blue' to cell 'OBUFDS' [C:/Users/C27Bruno.Graziano/ece383_wksp/lab1/lab1.srcs/sources_1/imports/lab1/video.vhdl:96]
INFO: [Synth 8-113] binding component instance 'OBUFDS_red' to cell 'OBUFDS' [C:/Users/C27Bruno.Graziano/ece383_wksp/lab1/lab1.srcs/sources_1/imports/lab1/video.vhdl:98]
INFO: [Synth 8-113] binding component instance 'OBUFDS_green' to cell 'OBUFDS' [C:/Users/C27Bruno.Graziano/ece383_wksp/lab1/lab1.srcs/sources_1/imports/lab1/video.vhdl:100]
INFO: [Synth 8-113] binding component instance 'OBUFDS_clock' to cell 'OBUFDS' [C:/Users/C27Bruno.Graziano/ece383_wksp/lab1/lab1.srcs/sources_1/imports/lab1/video.vhdl:102]
INFO: [Synth 8-256] done synthesizing module 'video' (0#1) [C:/Users/C27Bruno.Graziano/ece383_wksp/lab1/lab1.srcs/sources_1/imports/lab1/video.vhdl:22]
INFO: [Synth 8-256] done synthesizing module 'lab1' (0#1) [C:/Users/C27Bruno.Graziano/ece383_wksp/lab1/lab1.srcs/sources_1/imports/lab1/lab1.vhdl:22]
WARNING: [Synth 8-3848] Net q in module/entity numeric_stepper does not have driver. [C:/Users/C27Bruno.Graziano/ece383_wksp/lab1/lab1.srcs/sources_1/imports/lab1/numeric_stepper.vhd:22]
WARNING: [Synth 8-3848] Net q in module/entity numeric_stepper__parameterized1 does not have driver. [C:/Users/C27Bruno.Graziano/ece383_wksp/lab1/lab1.srcs/sources_1/imports/lab1/numeric_stepper.vhd:22]
WARNING: [Synth 8-5863] Implementing Library version of Mod/Rem due to signed path. This typically leads to poor QOR. Check RTL to see if unsigned path for the operator is possible  [C:/Users/C27Bruno.Graziano/ece383_wksp/lab1/lab1.srcs/sources_1/imports/lab1/color_mapper.vhd:76]
WARNING: [Synth 8-5863] Implementing Library version of Mod/Rem due to signed path. This typically leads to poor QOR. Check RTL to see if unsigned path for the operator is possible  [C:/Users/C27Bruno.Graziano/ece383_wksp/lab1/lab1.srcs/sources_1/imports/lab1/color_mapper.vhd:73]
WARNING: [Synth 8-3848] Net trigger[t] in module/entity lab1 does not have driver. [C:/Users/C27Bruno.Graziano/ece383_wksp/lab1/lab1.srcs/sources_1/imports/lab1/lab1.vhdl:51]
WARNING: [Synth 8-3848] Net trigger[v] in module/entity lab1 does not have driver. [C:/Users/C27Bruno.Graziano/ece383_wksp/lab1/lab1.srcs/sources_1/imports/lab1/lab1.vhdl:51]
WARNING: [Synth 8-3917] design lab1 has port led[4] driven by constant 0
WARNING: [Synth 8-3917] design lab1 has port led[3] driven by constant 0
WARNING: [Synth 8-3917] design lab1 has port led[2] driven by constant 0
WARNING: [Synth 8-3917] design lab1 has port led[1] driven by constant 0
WARNING: [Synth 8-3917] design lab1 has port led[0] driven by constant 0
WARNING: [Synth 8-7129] Port ch2[active] in module color_mapper is either unconnected or has no load
WARNING: [Synth 8-7129] Port ch2[en] in module color_mapper is either unconnected or has no load
WARNING: [Synth 8-7129] Port q[10] in module numeric_stepper__parameterized1 is either unconnected or has no load
WARNING: [Synth 8-7129] Port q[9] in module numeric_stepper__parameterized1 is either unconnected or has no load
WARNING: [Synth 8-7129] Port q[8] in module numeric_stepper__parameterized1 is either unconnected or has no load
WARNING: [Synth 8-7129] Port q[7] in module numeric_stepper__parameterized1 is either unconnected or has no load
WARNING: [Synth 8-7129] Port q[6] in module numeric_stepper__parameterized1 is either unconnected or has no load
WARNING: [Synth 8-7129] Port q[5] in module numeric_stepper__parameterized1 is either unconnected or has no load
WARNING: [Synth 8-7129] Port q[4] in module numeric_stepper__parameterized1 is either unconnected or has no load
WARNING: [Synth 8-7129] Port q[3] in module numeric_stepper__parameterized1 is either unconnected or has no load
WARNING: [Synth 8-7129] Port q[2] in module numeric_stepper__parameterized1 is either unconnected or has no load
WARNING: [Synth 8-7129] Port q[1] in module numeric_stepper__parameterized1 is either unconnected or has no load
WARNING: [Synth 8-7129] Port q[0] in module numeric_stepper__parameterized1 is either unconnected or has no load
WARNING: [Synth 8-7129] Port clk in module numeric_stepper__parameterized1 is either unconnected or has no load
WARNING: [Synth 8-7129] Port reset_n in module numeric_stepper__parameterized1 is either unconnected or has no load
WARNING: [Synth 8-7129] Port en in module numeric_stepper__parameterized1 is either unconnected or has no load
WARNING: [Synth 8-7129] Port up in module numeric_stepper__parameterized1 is either unconnected or has no load
WARNING: [Synth 8-7129] Port down in module numeric_stepper__parameterized1 is either unconnected or has no load
WARNING: [Synth 8-7129] Port q[10] in module numeric_stepper is either unconnected or has no load
WARNING: [Synth 8-7129] Port q[9] in module numeric_stepper is either unconnected or has no load
WARNING: [Synth 8-7129] Port q[8] in module numeric_stepper is either unconnected or has no load
WARNING: [Synth 8-7129] Port q[7] in module numeric_stepper is either unconnected or has no load
WARNING: [Synth 8-7129] Port q[6] in module numeric_stepper is either unconnected or has no load
WARNING: [Synth 8-7129] Port q[5] in module numeric_stepper is either unconnected or has no load
WARNING: [Synth 8-7129] Port q[4] in module numeric_stepper is either unconnected or has no load
WARNING: [Synth 8-7129] Port q[3] in module numeric_stepper is either unconnected or has no load
WARNING: [Synth 8-7129] Port q[2] in module numeric_stepper is either unconnected or has no load
WARNING: [Synth 8-7129] Port q[1] in module numeric_stepper is either unconnected or has no load
WARNING: [Synth 8-7129] Port q[0] in module numeric_stepper is either unconnected or has no load
WARNING: [Synth 8-7129] Port clk in module numeric_stepper is either unconnected or has no load
WARNING: [Synth 8-7129] Port reset_n in module numeric_stepper is either unconnected or has no load
WARNING: [Synth 8-7129] Port en in module numeric_stepper is either unconnected or has no load
WARNING: [Synth 8-7129] Port up in module numeric_stepper is either unconnected or has no load
WARNING: [Synth 8-7129] Port down in module numeric_stepper is either unconnected or has no load
WARNING: [Synth 8-7129] Port btn[0] in module lab1 is either unconnected or has no load
WARNING: [Synth 8-7129] Port sw[1] in module lab1 is either unconnected or has no load
WARNING: [Synth 8-7129] Port sw[0] in module lab1 is either unconnected or has no load
---------------------------------------------------------------------------------
Finished RTL Elaboration : Time (s): cpu = 00:00:06 ; elapsed = 00:00:08 . Memory (MB): peak = 1125.680 ; gain = 580.496
---------------------------------------------------------------------------------
---------------------------------------------------------------------------------
Start Handling Custom Attributes
---------------------------------------------------------------------------------
---------------------------------------------------------------------------------
Finished Handling Custom Attributes : Time (s): cpu = 00:00:06 ; elapsed = 00:00:08 . Memory (MB): peak = 1125.680 ; gain = 580.496
---------------------------------------------------------------------------------
---------------------------------------------------------------------------------
Finished RTL Optimization Phase 1 : Time (s): cpu = 00:00:06 ; elapsed = 00:00:08 . Memory (MB): peak = 1125.680 ; gain = 580.496
---------------------------------------------------------------------------------
Netlist sorting complete. Time (s): cpu = 00:00:00 ; elapsed = 00:00:00.008 . Memory (MB): peak = 1125.680 ; gain = 0.000
INFO: [Netlist 29-17] Analyzing 8 Unisim elements for replacement
WARNING: [Netlist 29-151] Pin 'C1' on instance 'video_inst/inst_dvid/ODDR2_blue' of cell type 'ODDR2' does not have an equivalent function on the new cell type 'ODDR'. Net 'clk_n' that is connected to this pin will not be connected to the replacement instance.
WARNING: [Netlist 29-151] Pin 'C1' on instance 'video_inst/inst_dvid/ODDR2_clock' of cell type 'ODDR2' does not have an equivalent function on the new cell type 'ODDR'. Net 'clk_n' that is connected to this pin will not be connected to the replacement instance.
WARNING: [Netlist 29-151] Pin 'C1' on instance 'video_inst/inst_dvid/ODDR2_green' of cell type 'ODDR2' does not have an equivalent function on the new cell type 'ODDR'. Net 'clk_n' that is connected to this pin will not be connected to the replacement instance.
WARNING: [Netlist 29-151] Pin 'C1' on instance 'video_inst/inst_dvid/ODDR2_red' of cell type 'ODDR2' does not have an equivalent function on the new cell type 'ODDR'. Net 'clk_n' that is connected to this pin will not be connected to the replacement instance.
INFO: [Netlist 29-28] Unisim Transformation completed in 0 CPU seconds
INFO: [Project 1-570] Preparing netlist for logic optimization

Processing XDC Constraints
Initializing timing engine
Parsing XDC File [c:/Users/C27Bruno.Graziano/ece383_wksp/lab1/lab1.gen/sources_1/ip/clk_wiz_0/clk_wiz_0/clk_wiz_0_in_context.xdc] for cell 'video_inst/mmcm_adv_inst_display_clocks'
Finished Parsing XDC File [c:/Users/C27Bruno.Graziano/ece383_wksp/lab1/lab1.gen/sources_1/ip/clk_wiz_0/clk_wiz_0/clk_wiz_0_in_context.xdc] for cell 'video_inst/mmcm_adv_inst_display_clocks'
Parsing XDC File [C:/Users/C27Bruno.Graziano/ece383_wksp/lab1/lab1.srcs/constrs_1/imports/ece383_wksp/Lab1.xdc]
Finished Parsing XDC File [C:/Users/C27Bruno.Graziano/ece383_wksp/lab1/lab1.srcs/constrs_1/imports/ece383_wksp/Lab1.xdc]
INFO: [Project 1-236] Implementation specific constraints were found while reading constraint file [C:/Users/C27Bruno.Graziano/ece383_wksp/lab1/lab1.srcs/constrs_1/imports/ece383_wksp/Lab1.xdc]. These constraints will be ignored for synthesis but will be used in implementation. Impacted constraints are listed in the file [.Xil/lab1_propImpl.xdc].
Resolution: To avoid this warning, move constraints listed in [.Xil/lab1_propImpl.xdc] to another XDC file and exclude this new file from synthesis with the used_in_synthesis property (File Properties dialog in GUI) and re-run elaboration/synthesis.
Completed Processing XDC Constraints

Netlist sorting complete. Time (s): cpu = 00:00:00 ; elapsed = 00:00:00.001 . Memory (MB): peak = 1215.102 ; gain = 0.000
INFO: [Project 1-111] Unisim Transformation Summary:
  A total of 8 instances were transformed.
  OBUFDS => OBUFDS_DUAL_BUF (INV, OBUFDS(x2)): 4 instances
  ODDR2 => ODDR: 4 instances

Constraint Validation Runtime : Time (s): cpu = 00:00:00 ; elapsed = 00:00:00.010 . Memory (MB): peak = 1215.102 ; gain = 0.000
INFO: [Designutils 20-5440] No compile time benefit to using incremental synthesis; A full resynthesis will be run
INFO: [Designutils 20-4379] Flow is switching to default flow due to incremental criteria not met. If you would like to alter this behaviour and have the flow terminate instead, please set the following parameter config_implementation {autoIncr.Synth.RejectBehavior Terminate}
---------------------------------------------------------------------------------
Finished Constraint Validation : Time (s): cpu = 00:00:13 ; elapsed = 00:00:16 . Memory (MB): peak = 1215.102 ; gain = 669.918
---------------------------------------------------------------------------------
---------------------------------------------------------------------------------
Start Loading Part and Timing Information
---------------------------------------------------------------------------------
Loading part: xc7a200tsbg484-1
---------------------------------------------------------------------------------
Finished Loading Part and Timing Information : Time (s): cpu = 00:00:13 ; elapsed = 00:00:16 . Memory (MB): peak = 1215.102 ; gain = 669.918
---------------------------------------------------------------------------------
---------------------------------------------------------------------------------
Start Applying 'set_property' XDC Constraints
---------------------------------------------------------------------------------
Applied set_property IO_BUFFER_TYPE = NONE for clk. (constraint file  c:/Users/C27Bruno.Graziano/ece383_wksp/lab1/lab1.gen/sources_1/ip/clk_wiz_0/clk_wiz_0/clk_wiz_0_in_context.xdc, line 5).
Applied set_property CLOCK_BUFFER_TYPE = NONE for clk. (constraint file  c:/Users/C27Bruno.Graziano/ece383_wksp/lab1/lab1.gen/sources_1/ip/clk_wiz_0/clk_wiz_0/clk_wiz_0_in_context.xdc, line 6).
Applied set_property KEEP_HIERARCHY = SOFT for video_inst/mmcm_adv_inst_display_clocks. (constraint file  auto generated constraint).
---------------------------------------------------------------------------------
Finished applying 'set_property' XDC Constraints : Time (s): cpu = 00:00:13 ; elapsed = 00:00:16 . Memory (MB): peak = 1215.102 ; gain = 669.918
---------------------------------------------------------------------------------
---------------------------------------------------------------------------------
Finished RTL Optimization Phase 2 : Time (s): cpu = 00:00:13 ; elapsed = 00:00:16 . Memory (MB): peak = 1215.102 ; gain = 669.918
---------------------------------------------------------------------------------
---------------------------------------------------------------------------------
Start RTL Component Statistics 
---------------------------------------------------------------------------------
Detailed RTL Component Info : 
+---Adders : 
	   2 Input   11 Bit       Adders := 7     
	   3 Input   11 Bit       Adders := 2     
	   2 Input   10 Bit       Adders := 2     
	   2 Input    7 Bit       Adders := 2     
	   8 Input    4 Bit       Adders := 3     
	   9 Input    4 Bit       Adders := 3     
	  11 Input    4 Bit       Adders := 3     
	   4 Input    4 Bit       Adders := 3     
	  10 Input    4 Bit       Adders := 3     
+---XORs : 
	   2 Input      1 Bit         XORs := 42    
+---Registers : 
	               11 Bit    Registers := 2     
	               10 Bit    Registers := 10    
	                4 Bit    Registers := 3     
	                1 Bit    Registers := 6     
+---Muxes : 
	   4 Input   24 Bit        Muxes := 1     
	   5 Input   11 Bit        Muxes := 2     
	   4 Input   11 Bit        Muxes := 2     
	   3 Input   11 Bit        Muxes := 2     
	   5 Input   10 Bit        Muxes := 6     
	   4 Input   10 Bit        Muxes := 3     
	   2 Input   10 Bit        Muxes := 9     
	   2 Input    9 Bit        Muxes := 6     
	   2 Input    7 Bit        Muxes := 8     
	   2 Input    4 Bit        Muxes := 9     
	   2 Input    1 Bit        Muxes := 7     
---------------------------------------------------------------------------------
Finished RTL Component Statistics 
---------------------------------------------------------------------------------
---------------------------------------------------------------------------------
Start Part Resource Summary
---------------------------------------------------------------------------------
Part Resources:
DSPs: 740 (col length:100)
BRAMs: 730 (col length: RAMB18 100 RAMB36 50)
---------------------------------------------------------------------------------
Finished Part Resource Summary
---------------------------------------------------------------------------------
---------------------------------------------------------------------------------
Start Cross Boundary and Area Optimization
---------------------------------------------------------------------------------
WARNING: [Synth 8-7080] Parallel synthesis criteria is not met
WARNING: [Synth 8-3917] design lab1 has port led[4] driven by constant 0
WARNING: [Synth 8-3917] design lab1 has port led[3] driven by constant 0
WARNING: [Synth 8-3917] design lab1 has port led[2] driven by constant 0
WARNING: [Synth 8-3917] design lab1 has port led[1] driven by constant 0
WARNING: [Synth 8-3917] design lab1 has port led[0] driven by constant 0
WARNING: [Synth 8-7129] Port ch2[active] in module vga is either unconnected or has no load
WARNING: [Synth 8-7129] Port ch2[en] in module vga is either unconnected or has no load
WARNING: [Synth 8-7129] Port btn[4] in module lab1 is either unconnected or has no load
WARNING: [Synth 8-7129] Port btn[3] in module lab1 is either unconnected or has no load
WARNING: [Synth 8-7129] Port btn[2] in module lab1 is either unconnected or has no load
WARNING: [Synth 8-7129] Port btn[1] in module lab1 is either unconnected or has no load
WARNING: [Synth 8-7129] Port btn[0] in module lab1 is either unconnected or has no load
WARNING: [Synth 8-7129] Port sw[1] in module lab1 is either unconnected or has no load
WARNING: [Synth 8-7129] Port sw[0] in module lab1 is either unconnected or has no load
---------------------------------------------------------------------------------
Finished Cross Boundary and Area Optimization : Time (s): cpu = 00:00:25 ; elapsed = 00:00:30 . Memory (MB): peak = 1357.359 ; gain = 812.176
---------------------------------------------------------------------------------
---------------------------------------------------------------------------------
Start Applying XDC Timing Constraints
---------------------------------------------------------------------------------
---------------------------------------------------------------------------------
Finished Applying XDC Timing Constraints : Time (s): cpu = 00:00:30 ; elapsed = 00:00:35 . Memory (MB): peak = 1375.832 ; gain = 830.648
---------------------------------------------------------------------------------
---------------------------------------------------------------------------------
Start Timing Optimization
---------------------------------------------------------------------------------
---------------------------------------------------------------------------------
Finished Timing Optimization : Time (s): cpu = 00:00:30 ; elapsed = 00:00:35 . Memory (MB): peak = 1395.199 ; gain = 850.016
---------------------------------------------------------------------------------
---------------------------------------------------------------------------------
Start Technology Mapping
---------------------------------------------------------------------------------
---------------------------------------------------------------------------------
Finished Technology Mapping : Time (s): cpu = 00:00:31 ; elapsed = 00:00:36 . Memory (MB): peak = 1438.938 ; gain = 893.754
---------------------------------------------------------------------------------
---------------------------------------------------------------------------------
Start IO Insertion
---------------------------------------------------------------------------------
---------------------------------------------------------------------------------
Start Flattening Before IO Insertion
---------------------------------------------------------------------------------
---------------------------------------------------------------------------------
Finished Flattening Before IO Insertion
---------------------------------------------------------------------------------
---------------------------------------------------------------------------------
Start Final Netlist Cleanup
---------------------------------------------------------------------------------
---------------------------------------------------------------------------------
Finished Final Netlist Cleanup
---------------------------------------------------------------------------------
---------------------------------------------------------------------------------
Finished IO Insertion : Time (s): cpu = 00:00:34 ; elapsed = 00:00:40 . Memory (MB): peak = 1569.133 ; gain = 1023.949
---------------------------------------------------------------------------------
---------------------------------------------------------------------------------
Start Renaming Generated Instances
---------------------------------------------------------------------------------
---------------------------------------------------------------------------------
Finished Renaming Generated Instances : Time (s): cpu = 00:00:34 ; elapsed = 00:00:40 . Memory (MB): peak = 1569.133 ; gain = 1023.949
---------------------------------------------------------------------------------
---------------------------------------------------------------------------------
Start Rebuilding User Hierarchy
---------------------------------------------------------------------------------
---------------------------------------------------------------------------------
Finished Rebuilding User Hierarchy : Time (s): cpu = 00:00:34 ; elapsed = 00:00:40 . Memory (MB): peak = 1569.133 ; gain = 1023.949
---------------------------------------------------------------------------------
---------------------------------------------------------------------------------
Start Renaming Generated Ports
---------------------------------------------------------------------------------
---------------------------------------------------------------------------------
Finished Renaming Generated Ports : Time (s): cpu = 00:00:34 ; elapsed = 00:00:40 . Memory (MB): peak = 1569.133 ; gain = 1023.949
---------------------------------------------------------------------------------
---------------------------------------------------------------------------------
Start Handling Custom Attributes
---------------------------------------------------------------------------------
---------------------------------------------------------------------------------
Finished Handling Custom Attributes : Time (s): cpu = 00:00:34 ; elapsed = 00:00:40 . Memory (MB): peak = 1569.133 ; gain = 1023.949
---------------------------------------------------------------------------------
---------------------------------------------------------------------------------
Start Renaming Generated Nets
---------------------------------------------------------------------------------
---------------------------------------------------------------------------------
Finished Renaming Generated Nets : Time (s): cpu = 00:00:34 ; elapsed = 00:00:40 . Memory (MB): peak = 1569.133 ; gain = 1023.949
---------------------------------------------------------------------------------
---------------------------------------------------------------------------------
Start Writing Synthesis Report
---------------------------------------------------------------------------------

Report BlackBoxes: 
+------+--------------+----------+
|      |BlackBox name |Instances |
+------+--------------+----------+
|1     |clk_wiz_0     |         1|
+------+--------------+----------+

Report Cell Usage: 
+------+---------------+------+
|      |Cell           |Count |
+------+---------------+------+
|1     |clk_wiz_0_bbox |     1|
|2     |CARRY4         |    26|
|3     |LUT1           |     7|
|4     |LUT2           |    58|
|5     |LUT3           |    42|
|6     |LUT4           |    54|
|7     |LUT5           |    43|
|8     |LUT6           |   113|
|9     |ODDR2          |     4|
|10    |FDRE           |   104|
|11    |FDSE           |     5|
|12    |IBUF           |     1|
|13    |OBUF           |     5|
|14    |OBUFDS         |     4|
+------+---------------+------+
---------------------------------------------------------------------------------
Finished Writing Synthesis Report : Time (s): cpu = 00:00:34 ; elapsed = 00:00:40 . Memory (MB): peak = 1569.133 ; gain = 1023.949
---------------------------------------------------------------------------------
Synthesis finished with 0 errors, 0 critical warnings and 15 warnings.
Synthesis Optimization Runtime : Time (s): cpu = 00:00:27 ; elapsed = 00:00:37 . Memory (MB): peak = 1569.133 ; gain = 934.527
Synthesis Optimization Complete : Time (s): cpu = 00:00:35 ; elapsed = 00:00:40 . Memory (MB): peak = 1569.133 ; gain = 1023.949
INFO: [Project 1-571] Translating synthesized netlist
Netlist sorting complete. Time (s): cpu = 00:00:00 ; elapsed = 00:00:00.007 . Memory (MB): peak = 1569.133 ; gain = 0.000
INFO: [Netlist 29-17] Analyzing 34 Unisim elements for replacement
WARNING: [Netlist 29-151] Pin 'C1' on instance 'video_inst/inst_dvid/ODDR2_blue' of cell type 'ODDR2' does not have an equivalent function on the new cell type 'ODDR'. Net 'clk_out3' that is connected to this pin will not be connected to the replacement instance.
WARNING: [Netlist 29-151] Pin 'C1' on instance 'video_inst/inst_dvid/ODDR2_clock' of cell type 'ODDR2' does not have an equivalent function on the new cell type 'ODDR'. Net 'clk_out3' that is connected to this pin will not be connected to the replacement instance.
WARNING: [Netlist 29-151] Pin 'C1' on instance 'video_inst/inst_dvid/ODDR2_green' of cell type 'ODDR2' does not have an equivalent function on the new cell type 'ODDR'. Net 'clk_out3' that is connected to this pin will not be connected to the replacement instance.
WARNING: [Netlist 29-151] Pin 'C1' on instance 'video_inst/inst_dvid/ODDR2_red' of cell type 'ODDR2' does not have an equivalent function on the new cell type 'ODDR'. Net 'clk_out3' that is connected to this pin will not be connected to the replacement instance.
INFO: [Netlist 29-28] Unisim Transformation completed in 0 CPU seconds
INFO: [Project 1-570] Preparing netlist for logic optimization
INFO: [Opt 31-138] Pushed 0 inverter(s) to 0 load pin(s).
Netlist sorting complete. Time (s): cpu = 00:00:00 ; elapsed = 00:00:00 . Memory (MB): peak = 1584.570 ; gain = 0.000
INFO: [Project 1-111] Unisim Transformation Summary:
  A total of 8 instances were transformed.
  OBUFDS => OBUFDS_DUAL_BUF (INV, OBUFDS(x2)): 4 instances
  ODDR2 => ODDR: 4 instances

Synth Design complete | Checksum: fbe9eb2b
INFO: [Common 17-83] Releasing license: Synthesis
66 Infos, 81 Warnings, 0 Critical Warnings and 0 Errors encountered.
synth_design completed successfully
synth_design: Time (s): cpu = 00:00:37 ; elapsed = 00:00:47 . Memory (MB): peak = 1584.570 ; gain = 1278.719
Write ShapeDB Complete: Time (s): cpu = 00:00:00 ; elapsed = 00:00:00.003 . Memory (MB): peak = 1584.570 ; gain = 0.000
INFO: [Common 17-1381] The checkpoint 'C:/Users/C27Bruno.Graziano/ece383_wksp/lab1/lab1.runs/synth_1/lab1.dcp' has been generated.
INFO: [Vivado 12-24828] Executing command : report_utilization -file lab1_utilization_synth.rpt -pb lab1_utilization_synth.pb
INFO: [Common 17-206] Exiting Vivado at Sun Feb  1 16:17:32 2026...
